<?xml version="1.0" encoding="UTF-8"?>
<!-- Generated by org.testng.reporters.JUnitReportReporter -->
<testsuite hostname="DESKTOP-8C0LO3K" failures="0" tests="2" name="learnTestNG.WebTesting" time="0.006" errors="0" timestamp="2024-09-18T12:13:01 IST" skipped="0">
  <testcase classname="learnTestNG.WebTesting" name="parameterTest" time="0.005"/>
  <testcase classname="learnTestNG.WebTesting" name="myFirstTest" time="0.001"/>
</testsuite> <!-- learnTestNG.WebTesting -->
