<?xml version="1.0" encoding="UTF-8"?>
<!-- Generated by org.testng.reporters.JUnitReportReporter -->
<testsuite hostname="DESKTOP-8C0LO3K" failures="0" tests="1" name="learnTestNG.MobileTesting" time="0.006" errors="0" timestamp="2024-09-17T11:01:07 IST" skipped="0">
  <testcase classname="learnTestNG.MobileTesting" name="mysecondMobileTest" time="0.006"/>
</testsuite> <!-- learnTestNG.MobileTesting -->
