<?xml version="1.0" encoding="UTF-8"?>
<!-- Generated by org.testng.reporters.JUnitReportReporter -->
<testsuite hostname="DESKTOP-8C0LO3K" failures="0" tests="1" name="javaBasic.LearnList" time="0.021" errors="0" timestamp="2024-10-01T12:39:18 IST" skipped="0">
  <testcase classname="javaBasic.LearnList" name="learnList1" time="0.021"/>
</testsuite> <!-- javaBasic.LearnList -->
