<?xml version="1.0" encoding="UTF-8"?>
<!-- Generated by org.testng.reporters.JUnitReportReporter -->
<testsuite hostname="DESKTOP-8C0LO3K" failures="0" tests="1" name="learnTestNG.WebTesting" time="0.004" errors="0" timestamp="2024-09-17T10:54:42 IST" skipped="0">
  <testcase classname="learnTestNG.WebTesting" name="myFirstTest" time="0.004"/>
</testsuite> <!-- learnTestNG.WebTesting -->
