<?xml version="1.0" encoding="UTF-8"?>
<!-- Generated by org.testng.reporters.JUnitReportReporter -->
<testsuite hostname="DESKTOP-8C0LO3K" failures="0" tests="2" name="learnTestNG.WebTesting" time="0.022" errors="0" timestamp="2024-09-13T13:29:30 IST" skipped="0">
  <testcase classname="learnTestNG.WebTesting" name="mySecondTest" time="0.017"/>
  <testcase classname="learnTestNG.WebTesting" name="myFirstTest" time="0.005"/>
</testsuite> <!-- learnTestNG.WebTesting -->
