<?xml version="1.0" encoding="UTF-8"?>
<!-- Generated by org.testng.reporters.JUnitReportReporter -->
<testsuite hostname="DESKTOP-8C0LO3K" failures="0" tests="1" name="assertions.Example" time="9.718" errors="0" timestamp="2024-09-19T19:44:08 IST" skipped="0">
  <testcase classname="assertions.Example" name="test" time="9.718"/>
</testsuite> <!-- assertions.Example -->
