<?xml version="1.0" encoding="UTF-8"?>
<!-- Generated by org.testng.reporters.JUnitReportReporter -->
<testsuite hostname="DESKTOP-8C0LO3K" failures="0" tests="2" name="learnTestNG.MobileTesting" time="0.002" errors="0" timestamp="2024-09-18T12:13:01 IST" skipped="0">
  <testcase classname="learnTestNG.MobileTesting" name="mysecondMobileTest" time="0.001"/>
  <testcase classname="learnTestNG.MobileTesting" name="myfirstMobileTest" time="0.001"/>
</testsuite> <!-- learnTestNG.MobileTesting -->
