<?xml version="1.0" encoding="UTF-8"?>
<!-- Generated by org.testng.reporters.JUnitReportReporter -->
<testsuite hostname="DESKTOP-8C0LO3K" failures="0" tests="2" name="learnTestNG.Dummyclass" time="10.645" errors="0" timestamp="2024-09-17T10:26:18 IST" skipped="0">
  <testcase classname="learnTestNG.Dummyclass" name="mytest2" time="4.838"/>
  <testcase classname="learnTestNG.Dummyclass" name="mytest1" time="5.807"/>
</testsuite> <!-- learnTestNG.Dummyclass -->
